"W:/work/ue4/car/Content/model/Nissan_Titan_2017/body_aMat.uasset" 0
"W:/work/ue4/car/Content/model/Nissan_Titan_2017/Nissan_Titan_2017_body_a.uasset" 1
"W:/work/ue4/car/Content/model/Nissan_Titan_2017/bumperfbadge_aMat.uasset" 2
"W:/work/ue4/car/Content/model/Nissan_Titan_2017/Nissan_Titan_2017_bumperfbadge_a.uasset" 3
"W:/work/ue4/car/Content/model/Nissan_Titan_2017/bumperfcustom_aMat.uasset" 4
"W:/work/ue4/car/Content/model/Nissan_Titan_2017/Nissan_Titan_2017_bumperfcustom_a.uasset" 5
"W:/work/ue4/car/Content/model/Nissan_Titan_2017/bumperframef_aMat.uasset" 6
"W:/work/ue4/car/Content/model/Nissan_Titan_2017/Nissan_Titan_2017_bumperframef_a.uasset" 7
"W:/work/ue4/car/Content/model/Nissan_Titan_2017/bumperframer_aMat.uasset" 8
"W:/work/ue4/car/Content/model/Nissan_Titan_2017/Nissan_Titan_2017_bumperframer_a.uasset" 9
"W:/work/ue4/car/Content/model/Nissan_Titan_2017/bumperf_aMat.uasset" 10
"W:/work/ue4/car/Content/model/Nissan_Titan_2017/Nissan_Titan_2017_bumperf_a.uasset" 11
"W:/work/ue4/car/Content/model/Nissan_Titan_2017/bumperrcustom_aMat.uasset" 12
"W:/work/ue4/car/Content/model/Nissan_Titan_2017/Nissan_Titan_2017_bumperrcustom_a.uasset" 13
"W:/work/ue4/car/Content/model/Nissan_Titan_2017/bumperrsidemarkers_aMat.uasset" 14
"W:/work/ue4/car/Content/model/Nissan_Titan_2017/Nissan_Titan_2017_bumperrsidemarkers_a.uasset" 15
"W:/work/ue4/car/Content/model/Nissan_Titan_2017/bumperr_aMat.uasset" 16
"W:/work/ue4/car/Content/model/Nissan_Titan_2017/Nissan_Titan_2017_bumperr_a.uasset" 17
"W:/work/ue4/car/Content/model/Nissan_Titan_2017/centerconsolestructure_aMat.uasset" 18
"W:/work/ue4/car/Content/model/Nissan_Titan_2017/Nissan_Titan_2017_centerconsolestructure_a.uasset" 19
"W:/work/ue4/car/Content/model/Nissan_Titan_2017/centerstackbezels_aMat.uasset" 20
"W:/work/ue4/car/Content/model/Nissan_Titan_2017/Nissan_Titan_2017_centerstackbezels_a.uasset" 21
"W:/work/ue4/car/Content/model/Nissan_Titan_2017/centerstackbezels_a__slodMat.uasset" 22
"W:/work/ue4/car/Content/model/Nissan_Titan_2017/Nissan_Titan_2017_centerstackbezels_a__slod.uasset" 23
"W:/work/ue4/car/Content/model/Nissan_Titan_2017/dashpad_aMat.uasset" 24
"W:/work/ue4/car/Content/model/Nissan_Titan_2017/Nissan_Titan_2017_dashpad_a.uasset" 25
"W:/work/ue4/car/Content/model/Nissan_Titan_2017/dashstructure_aMat.uasset" 26
"W:/work/ue4/car/Content/model/Nissan_Titan_2017/Nissan_Titan_2017_dashstructure_a.uasset" 27
"W:/work/ue4/car/Content/model/Nissan_Titan_2017/dashstructure_a__slodMat.uasset" 28
"W:/work/ue4/car/Content/model/Nissan_Titan_2017/Nissan_Titan_2017_dashstructure_a__slod.uasset" 29
"W:/work/ue4/car/Content/model/Nissan_Titan_2017/doorcardlf_aMat.uasset" 30
"W:/work/ue4/car/Content/model/Nissan_Titan_2017/Nissan_Titan_2017_doorcardlf_a.uasset" 31
"W:/work/ue4/car/Content/model/Nissan_Titan_2017/doorcardlr_aMat.uasset" 32
"W:/work/ue4/car/Content/model/Nissan_Titan_2017/Nissan_Titan_2017_doorcardlr_a.uasset" 33
"W:/work/ue4/car/Content/model/Nissan_Titan_2017/doorhandlelf_aMat.uasset" 34
"W:/work/ue4/car/Content/model/Nissan_Titan_2017/Nissan_Titan_2017_doorhandlelf_a.uasset" 35
"W:/work/ue4/car/Content/model/Nissan_Titan_2017/doorhandlelr_aMat.uasset" 36
"W:/work/ue4/car/Content/model/Nissan_Titan_2017/Nissan_Titan_2017_doorhandlelr_a.uasset" 37
"W:/work/ue4/car/Content/model/Nissan_Titan_2017/doorjamblf_a__slodMat.uasset" 38
"W:/work/ue4/car/Content/model/Nissan_Titan_2017/Nissan_Titan_2017_doorjamblf_a__slod.uasset" 39
"W:/work/ue4/car/Content/model/Nissan_Titan_2017/doorlf_aMat.uasset" 40
"W:/work/ue4/car/Content/model/Nissan_Titan_2017/Nissan_Titan_2017_doorlf_a.uasset" 41
"W:/work/ue4/car/Content/model/Nissan_Titan_2017/doorsill_a__slodMat.uasset" 42
"W:/work/ue4/car/Content/model/Nissan_Titan_2017/Nissan_Titan_2017_doorsill_a__slod.uasset" 43
"W:/work/ue4/car/Content/model/Nissan_Titan_2017/enginebay_aMat.uasset" 44
"W:/work/ue4/car/Content/model/Nissan_Titan_2017/Nissan_Titan_2017_enginebay_a.uasset" 45
"W:/work/ue4/car/Content/model/Nissan_Titan_2017/exhaust_aMat.uasset" 46
"W:/work/ue4/car/Content/model/Nissan_Titan_2017/Nissan_Titan_2017_exhaust_a.uasset" 47
"W:/work/ue4/car/Content/model/Nissan_Titan_2017/fenderssidemarkers_aMat.uasset" 48
"W:/work/ue4/car/Content/model/Nissan_Titan_2017/Nissan_Titan_2017_fenderssidemarkers_a.uasset" 49
"W:/work/ue4/car/Content/model/Nissan_Titan_2017/fenders_aMat.uasset" 50
"W:/work/ue4/car/Content/model/Nissan_Titan_2017/Nissan_Titan_2017_fenders_a.uasset" 51
"W:/work/ue4/car/Content/model/Nissan_Titan_2017/floor_a__slodMat.uasset" 52
"W:/work/ue4/car/Content/model/Nissan_Titan_2017/Nissan_Titan_2017_floor_a__slod.uasset" 53
"W:/work/ue4/car/Content/model/Nissan_Titan_2017/foglightcf_aMat.uasset" 54
"W:/work/ue4/car/Content/model/Nissan_Titan_2017/Nissan_Titan_2017_foglightcf_a.uasset" 55
"W:/work/ue4/car/Content/model/Nissan_Titan_2017/foglightlbulbs_aMat.uasset" 56
"W:/work/ue4/car/Content/model/Nissan_Titan_2017/Nissan_Titan_2017_foglightlbulbs_a.uasset" 57
"W:/work/ue4/car/Content/model/Nissan_Titan_2017/foglightl_aMat.uasset" 58
"W:/work/ue4/car/Content/model/Nissan_Titan_2017/Nissan_Titan_2017_foglightl_a.uasset" 59
"W:/work/ue4/car/Content/model/Nissan_Titan_2017/foglightrbulbs_aMat.uasset" 60
"W:/work/ue4/car/Content/model/Nissan_Titan_2017/Nissan_Titan_2017_foglightrbulbs_a.uasset" 61
"W:/work/ue4/car/Content/model/Nissan_Titan_2017/foglightr_aMat.uasset" 62
"W:/work/ue4/car/Content/model/Nissan_Titan_2017/Nissan_Titan_2017_foglightr_a.uasset" 63
"W:/work/ue4/car/Content/model/Nissan_Titan_2017/gaugecluster_aMat.uasset" 64
"W:/work/ue4/car/Content/model/Nissan_Titan_2017/Nissan_Titan_2017_gaugecluster_a.uasset" 65
"W:/work/ue4/car/Content/model/Nissan_Titan_2017/glassbodysidemarkers_aMat.uasset" 66
"W:/work/ue4/car/Content/model/Nissan_Titan_2017/Nissan_Titan_2017_glassbodysidemarkers_a.uasset" 67
"W:/work/ue4/car/Content/model/Nissan_Titan_2017/glassbumperrsidemarkers_aMat.uasset" 68
"W:/work/ue4/car/Content/model/Nissan_Titan_2017/Nissan_Titan_2017_glassbumperrsidemarkers_a.uasset" 69
"W:/work/ue4/car/Content/model/Nissan_Titan_2017/glasscfl_aMat.uasset" 70
"W:/work/ue4/car/Content/model/Nissan_Titan_2017/Nissan_Titan_2017_glasscfl_a.uasset" 71
"W:/work/ue4/car/Content/model/Nissan_Titan_2017/glasschmsl_aMat.uasset" 72
"W:/work/ue4/car/Content/model/Nissan_Titan_2017/Nissan_Titan_2017_glasschmsl_a.uasset" 73
"W:/work/ue4/car/Content/model/Nissan_Titan_2017/glassfenderssidemarkers_aMat.uasset" 74
"W:/work/ue4/car/Content/model/Nissan_Titan_2017/Nissan_Titan_2017_glassfenderssidemarkers_a.uasset" 75
"W:/work/ue4/car/Content/model/Nissan_Titan_2017/glassf_aMat.uasset" 76
"W:/work/ue4/car/Content/model/Nissan_Titan_2017/Nissan_Titan_2017_glassf_a.uasset" 77
"W:/work/ue4/car/Content/model/Nissan_Titan_2017/glasslfint_aMat.uasset" 78
"W:/work/ue4/car/Content/model/Nissan_Titan_2017/Nissan_Titan_2017_glasslfint_a.uasset" 79
"W:/work/ue4/car/Content/model/Nissan_Titan_2017/glasslfl_aMat.uasset" 80
"W:/work/ue4/car/Content/model/Nissan_Titan_2017/Nissan_Titan_2017_glasslfl_a.uasset" 81
"W:/work/ue4/car/Content/model/Nissan_Titan_2017/glasslf_aMat.uasset" 82
"W:/work/ue4/car/Content/model/Nissan_Titan_2017/Nissan_Titan_2017_glasslf_a.uasset" 83
"W:/work/ue4/car/Content/model/Nissan_Titan_2017/glasslhl_aMat.uasset" 84
"W:/work/ue4/car/Content/model/Nissan_Titan_2017/Nissan_Titan_2017_glasslhl_a.uasset" 85
"W:/work/ue4/car/Content/model/Nissan_Titan_2017/glasslrint_aMat.uasset" 86
"W:/work/ue4/car/Content/model/Nissan_Titan_2017/Nissan_Titan_2017_glasslrint_a.uasset" 87
"W:/work/ue4/car/Content/model/Nissan_Titan_2017/glasslr_aMat.uasset" 88
"W:/work/ue4/car/Content/model/Nissan_Titan_2017/Nissan_Titan_2017_glasslr_a.uasset" 89
"W:/work/ue4/car/Content/model/Nissan_Titan_2017/glassltl_aMat.uasset" 90
"W:/work/ue4/car/Content/model/Nissan_Titan_2017/Nissan_Titan_2017_glassltl_a.uasset" 91
"W:/work/ue4/car/Content/model/Nissan_Titan_2017/glassrfint_aMat.uasset" 92
"W:/work/ue4/car/Content/model/Nissan_Titan_2017/Nissan_Titan_2017_glassrfint_a.uasset" 93
"W:/work/ue4/car/Content/model/Nissan_Titan_2017/glassrfl_aMat.uasset" 94
"W:/work/ue4/car/Content/model/Nissan_Titan_2017/Nissan_Titan_2017_glassrfl_a.uasset" 95
"W:/work/ue4/car/Content/model/Nissan_Titan_2017/glassrf_aMat.uasset" 96
"W:/work/ue4/car/Content/model/Nissan_Titan_2017/Nissan_Titan_2017_glassrf_a.uasset" 97
"W:/work/ue4/car/Content/model/Nissan_Titan_2017/glassrhl_aMat.uasset" 98
"W:/work/ue4/car/Content/model/Nissan_Titan_2017/Nissan_Titan_2017_glassrhl_a.uasset" 99
"W:/work/ue4/car/Content/model/Nissan_Titan_2017/glassrint_aMat.uasset" 100
"W:/work/ue4/car/Content/model/Nissan_Titan_2017/Nissan_Titan_2017_glassrint_a.uasset" 101
"W:/work/ue4/car/Content/model/Nissan_Titan_2017/glassrrint_aMat.uasset" 102
"W:/work/ue4/car/Content/model/Nissan_Titan_2017/Nissan_Titan_2017_glassrrint_a.uasset" 103
"W:/work/ue4/car/Content/model/Nissan_Titan_2017/glassrr_aMat.uasset" 104
"W:/work/ue4/car/Content/model/Nissan_Titan_2017/Nissan_Titan_2017_glassrr_a.uasset" 105
"W:/work/ue4/car/Content/model/Nissan_Titan_2017/glassrtl_aMat.uasset" 106
"W:/work/ue4/car/Content/model/Nissan_Titan_2017/Nissan_Titan_2017_glassrtl_a.uasset" 107
"W:/work/ue4/car/Content/model/Nissan_Titan_2017/glassr_aMat.uasset" 108
"W:/work/ue4/car/Content/model/Nissan_Titan_2017/Nissan_Titan_2017_glassr_a.uasset" 109
"W:/work/ue4/car/Content/model/Nissan_Titan_2017/grille_a__slodMat.uasset" 110
"W:/work/ue4/car/Content/model/Nissan_Titan_2017/Nissan_Titan_2017_grille_a__slod.uasset" 111
"W:/work/ue4/car/Content/model/Nissan_Titan_2017/headlightl_aMat.uasset" 112
"W:/work/ue4/car/Content/model/Nissan_Titan_2017/Nissan_Titan_2017_headlightl_a.uasset" 113
"W:/work/ue4/car/Content/model/Nissan_Titan_2017/headlightr_aMat.uasset" 114
"W:/work/ue4/car/Content/model/Nissan_Titan_2017/Nissan_Titan_2017_headlightr_a.uasset" 115
"W:/work/ue4/car/Content/model/Nissan_Titan_2017/hoodliner_aMat.uasset" 116
"W:/work/ue4/car/Content/model/Nissan_Titan_2017/Nissan_Titan_2017_hoodliner_a.uasset" 117
"W:/work/ue4/car/Content/model/Nissan_Titan_2017/hood_aMat.uasset" 118
"W:/work/ue4/car/Content/model/Nissan_Titan_2017/Nissan_Titan_2017_hood_a.uasset" 119
"W:/work/ue4/car/Content/model/Nissan_Titan_2017/mudflaps_rallyMat.uasset" 120
"W:/work/ue4/car/Content/model/Nissan_Titan_2017/Nissan_Titan_2017_mudflaps_rally.uasset" 121
"W:/work/ue4/car/Content/model/Nissan_Titan_2017/nis_titan_17_wheellfMat.uasset" 122
"W:/work/ue4/car/Content/model/Nissan_Titan_2017/Nissan_Titan_2017_nis_titan_17_wheellf.uasset" 123
"W:/work/ue4/car/Content/model/Nissan_Titan_2017/nis_titan_17_wheellf001Mat.uasset" 124
"W:/work/ue4/car/Content/model/Nissan_Titan_2017/Nissan_Titan_2017_nis_titan_17_wheellf001.uasset" 125
"W:/work/ue4/car/Content/model/Nissan_Titan_2017/nis_titan_17_wheellf002Mat.uasset" 126
"W:/work/ue4/car/Content/model/Nissan_Titan_2017/Nissan_Titan_2017_nis_titan_17_wheellf002.uasset" 127
"W:/work/ue4/car/Content/model/Nissan_Titan_2017/nis_titan_17_wheellf003Mat.uasset" 128
"W:/work/ue4/car/Content/model/Nissan_Titan_2017/Nissan_Titan_2017_nis_titan_17_wheellf003.uasset" 129
"W:/work/ue4/car/Content/model/Nissan_Titan_2017/overheadconsole_a__slodMat.uasset" 130
"W:/work/ue4/car/Content/model/Nissan_Titan_2017/Nissan_Titan_2017_overheadconsole_a__slod.uasset" 131
"W:/work/ue4/car/Content/model/Nissan_Titan_2017/pedals_aMat.uasset" 132
"W:/work/ue4/car/Content/model/Nissan_Titan_2017/Nissan_Titan_2017_pedals_a.uasset" 133
"W:/work/ue4/car/Content/model/Nissan_Titan_2017/pedals_a__slodMat.uasset" 134
"W:/work/ue4/car/Content/model/Nissan_Titan_2017/Nissan_Titan_2017_pedals_a__slod.uasset" 135
"W:/work/ue4/car/Content/model/Nissan_Titan_2017/platelightus_aMat.uasset" 136
"W:/work/ue4/car/Content/model/Nissan_Titan_2017/Nissan_Titan_2017_platelightus_a.uasset" 137
"W:/work/ue4/car/Content/model/Nissan_Titan_2017/plateus_aMat.uasset" 138
"W:/work/ue4/car/Content/model/Nissan_Titan_2017/Nissan_Titan_2017_plateus_a.uasset" 139
"W:/work/ue4/car/Content/model/Nissan_Titan_2017/rearseats_aMat.uasset" 140
"W:/work/ue4/car/Content/model/Nissan_Titan_2017/Nissan_Titan_2017_rearseats_a.uasset" 141
"W:/work/ue4/car/Content/model/Nissan_Titan_2017/seatbeltl_aMat.uasset" 142
"W:/work/ue4/car/Content/model/Nissan_Titan_2017/Nissan_Titan_2017_seatbeltl_a.uasset" 143
"W:/work/ue4/car/Content/model/Nissan_Titan_2017/skirtl_aMat.uasset" 144
"W:/work/ue4/car/Content/model/Nissan_Titan_2017/Nissan_Titan_2017_skirtl_a.uasset" 145
"W:/work/ue4/car/Content/model/Nissan_Titan_2017/speakerdoorlf_aMat.uasset" 146
"W:/work/ue4/car/Content/model/Nissan_Titan_2017/Nissan_Titan_2017_speakerdoorlf_a.uasset" 147
"W:/work/ue4/car/Content/model/Nissan_Titan_2017/speakerdoorlr_aMat.uasset" 148
"W:/work/ue4/car/Content/model/Nissan_Titan_2017/Nissan_Titan_2017_speakerdoorlr_a.uasset" 149
"W:/work/ue4/car/Content/model/Nissan_Titan_2017/steeringcolumn_aMat.uasset" 150
"W:/work/ue4/car/Content/model/Nissan_Titan_2017/Nissan_Titan_2017_steeringcolumn_a.uasset" 151
"W:/work/ue4/car/Content/model/Nissan_Titan_2017/steeringwheel_aMat.uasset" 152
"W:/work/ue4/car/Content/model/Nissan_Titan_2017/Nissan_Titan_2017_steeringwheel_a.uasset" 153
"W:/work/ue4/car/Content/model/Nissan_Titan_2017/suspension_aMat.uasset" 154
"W:/work/ue4/car/Content/model/Nissan_Titan_2017/Nissan_Titan_2017_suspension_a.uasset" 155
"W:/work/ue4/car/Content/model/Nissan_Titan_2017/taillightchmsl_aMat.uasset" 156
"W:/work/ue4/car/Content/model/Nissan_Titan_2017/Nissan_Titan_2017_taillightchmsl_a.uasset" 157
"W:/work/ue4/car/Content/model/Nissan_Titan_2017/taillightl_aMat.uasset" 158
"W:/work/ue4/car/Content/model/Nissan_Titan_2017/Nissan_Titan_2017_taillightl_a.uasset" 159
"W:/work/ue4/car/Content/model/Nissan_Titan_2017/taillightr_aMat.uasset" 160
"W:/work/ue4/car/Content/model/Nissan_Titan_2017/Nissan_Titan_2017_taillightr_a.uasset" 161
"W:/work/ue4/car/Content/model/Nissan_Titan_2017/trunkbay_aMat.uasset" 162
"W:/work/ue4/car/Content/model/Nissan_Titan_2017/Nissan_Titan_2017_trunkbay_a.uasset" 163
"W:/work/ue4/car/Content/model/Nissan_Titan_2017/trunkbay_a__slodMat.uasset" 164
"W:/work/ue4/car/Content/model/Nissan_Titan_2017/Nissan_Titan_2017_trunkbay_a__slod.uasset" 165
"W:/work/ue4/car/Content/model/Nissan_Titan_2017/trunkliner_aMat.uasset" 166
"W:/work/ue4/car/Content/model/Nissan_Titan_2017/Nissan_Titan_2017_trunkliner_a.uasset" 167
"W:/work/ue4/car/Content/model/Nissan_Titan_2017/trunkliner_a__slodMat.uasset" 168
"W:/work/ue4/car/Content/model/Nissan_Titan_2017/Nissan_Titan_2017_trunkliner_a__slod.uasset" 169
"W:/work/ue4/car/Content/model/Nissan_Titan_2017/trunk_aMat.uasset" 170
"W:/work/ue4/car/Content/model/Nissan_Titan_2017/Nissan_Titan_2017_trunk_a.uasset" 171
"W:/work/ue4/car/Content/model/Nissan_Titan_2017/undercarriage_aMat.uasset" 172
"W:/work/ue4/car/Content/model/Nissan_Titan_2017/Nissan_Titan_2017_undercarriage_a.uasset" 173
"W:/work/ue4/car/Content/model/Nissan_Titan_2017/wingmirrorl_aMat.uasset" 174
"W:/work/ue4/car/Content/model/Nissan_Titan_2017/Nissan_Titan_2017_wingmirrorl_a.uasset" 175
"W:/work/ue4/car/Content/model/Nissan_Titan_2017/wingmirrorr_aMat.uasset" 176
"W:/work/ue4/car/Content/model/Nissan_Titan_2017/Nissan_Titan_2017_wingmirrorr_a.uasset" 177
"W:/work/ue4/car/Content/model/Nissan_Titan_2017/wing_aMat.uasset" 178
"W:/work/ue4/car/Content/model/Nissan_Titan_2017/Nissan_Titan_2017_wing_a.uasset" 179
"W:/work/ue4/car/Content/model/Nissan_Titan_2017/wing_offroad__slod001Mat.uasset" 180
"W:/work/ue4/car/Content/model/Nissan_Titan_2017/Nissan_Titan_2017_wing_offroad__slod001.uasset" 181
"W:/work/ue4/car/Content/model/Nissan_Titan_2017/wing_offroad__slod002Mat.uasset" 182
"W:/work/ue4/car/Content/model/Nissan_Titan_2017/Nissan_Titan_2017_wing_offroad__slod002.uasset" 183
"W:/work/ue4/car/Content/model/Nissan_Titan_2017/wing_offroad__slod003Mat.uasset" 184
"W:/work/ue4/car/Content/model/Nissan_Titan_2017/Nissan_Titan_2017_wing_offroad__slod003.uasset" 185
"W:/work/ue4/car/Content/model/Nissan_Titan_2017/wing_offroad__slod004Mat.uasset" 186
"W:/work/ue4/car/Content/model/Nissan_Titan_2017/Nissan_Titan_2017_wing_offroad__slod004.uasset" 187
"W:/work/ue4/car/Content/model/Nissan_Titan_2017/wipers_aMat.uasset" 188
"W:/work/ue4/car/Content/model/Nissan_Titan_2017/Nissan_Titan_2017_wipers_a.uasset" 189
"../../../Engine/Content/Animation/DefaultAnimCurveCompressionSettings.uasset" 190
"../../../Engine/Content/Functions/Engine_MaterialFunctions01/Opacity/CameraDepthFade.uasset" 191
"../../../Engine/Content/EngineMaterials/T_Default_Material_Grid_M.uasset" 192
"../../../Engine/Content/EngineMaterials/T_Default_Material_Grid_N.uasset" 193
"../../../Engine/Content/EngineMaterials/WorldGridMaterial.uasset" 194
"../../../Engine/Content/ArtTools/RenderToTexture/Meshes/S_1_Unit_Plane.uasset" 195
"../../../Engine/Content/EngineMaterials/DefaultMaterial.uasset" 196
"../../../Engine/Content/BasicShapes/Cone.uasset" 197
"../../../Engine/Content/BasicShapes/Plane.uasset" 198
"../../../Engine/Content/BasicShapes/Sphere.uasset" 199
"../../../Engine/Content/EditorLandscapeResources/DataLayer.uasset" 200
"../../../Engine/Content/EditorMaterials/GizmoMaterial.uasset" 201
"../../../Engine/Content/EditorMaterials/MAT_Groups_Toggle.uasset" 202
"../../../Engine/Content/EditorMaterials/MAT_Groups_Visibility.uasset" 203
"../../../Engine/Content/EditorMaterials/PreviewShadowIndicator.uasset" 204
"../../../Engine/Content/EditorMaterials/PreviewShadowIndicatorMaterial.uasset" 205
"../../../Engine/Content/EditorMaterials/MatineeGroups/MAT_ColorTrack.uasset" 206
"../../../Engine/Content/EditorMaterials/MatineeGroups/MAT_Groups_Anim.uasset" 207
"../../../Engine/Content/EditorMaterials/MatineeGroups/MAT_Groups_AudioMaster.uasset" 208
"../../../Engine/Content/EditorMaterials/MatineeGroups/MAT_Groups_Director.uasset" 209
"../../../Engine/Content/EditorMaterials/MatineeGroups/MAT_Groups_Event.uasset" 210
"../../../Engine/Content/EditorMaterials/MatineeGroups/MAT_Groups_Fade.uasset" 211
"../../../Engine/Content/EditorMaterials/MatineeGroups/MAT_Groups_Float.uasset" 212
"../../../Engine/Content/EditorMaterials/MatineeGroups/MAT_Groups_Move.uasset" 213
"../../../Engine/Content/EditorMaterials/MatineeGroups/MAT_Groups_Slomo.uasset" 214
"../../../Engine/Content/EditorMaterials/MatineeGroups/MAT_Groups_Sound.uasset" 215
"../../../Engine/Content/EditorMaterials/MatineeGroups/MAT_Groups_Vector.uasset" 216
"../../../Engine/Content/EditorMaterials/ParticleSystems/PSysThumbnail_NoImage.uasset" 217
"../../../Engine/Content/EditorMaterials/ParticleSystems/PSysThumbnail_OOD.uasset" 218
"../../../Engine/Content/EditorMaterials/Camera/CineMat.uasset" 219
"../../../Engine/Content/EditorMaterials/Camera/MI_CineMat_Rig.uasset" 220
"../../../Engine/Content/EditorMeshes/Camera/SM_CraneRig_Arm.uasset" 221
"../../../Engine/Content/EditorMeshes/Camera/SM_CraneRig_Base.uasset" 222
"../../../Engine/Content/EditorMeshes/Camera/SM_CraneRig_Body.uasset" 223
"../../../Engine/Content/EditorMeshes/Camera/SM_CraneRig_Mount.uasset" 224
"../../../Engine/Content/EditorMeshes/Camera/SM_RailRig_Mount.uasset" 225
"../../../Engine/Content/EditorMeshes/Camera/SM_RailRig_Track.uasset" 226
"../../../Engine/Content/EditorResources/BSPVertex.uasset" 227
"../../../Engine/Content/EditorResources/EmptyActor.uasset" 228
"../../../Engine/Content/EditorResources/S_Actor.uasset" 229
"../../../Engine/Content/EditorResources/S_Note.uasset" 230
"../../../Engine/Content/EditorResources/S_Trigger.uasset" 231
"../../../Engine/Content/EditorResources/LightIcons/S_LightError.uasset" 232
"../../../Engine/Content/EditorResources/SequenceRecorder/Countdown.uasset" 233
"../../../Engine/Content/EditorResources/SequenceRecorder/RecordingIndicator.uasset" 234
"../../../Engine/Content/EditorSounds/Notifications/CompileFailed.uasset" 235
"../../../Engine/Content/EditorSounds/Notifications/CompileFailed_Cue.uasset" 236
"../../../Engine/Content/EditorSounds/Notifications/CompileSuccess.uasset" 237
"../../../Engine/Content/EditorSounds/Notifications/CompileStart_Cue.uasset" 238
"../../../Engine/Content/EditorSounds/Notifications/CompileSuccess_Cue.uasset" 239
"../../../Engine/Content/EngineDamageTypes/DmgTypeBP_Environmental.uasset" 240
"../../../Engine/Content/EngineDebugMaterials/HeatmapGradient.uasset" 241
"../../../Engine/Content/EngineDebugMaterials/BoneWeightMaterial.uasset" 242
"../../../Engine/Content/EngineDebugMaterials/ClothMaterial.uasset" 243
"../../../Engine/Content/EngineDebugMaterials/ClothMaterial_WF.uasset" 244
"../../../Engine/Content/EngineDebugMaterials/DebugEditorMaterial.uasset" 245
"../../../Engine/Content/EngineDebugMaterials/DebugMeshMaterial.uasset" 246
"../../../Engine/Content/EngineDebugMaterials/GeomMaterial.uasset" 247
"../../../Engine/Content/EngineDebugMaterials/M_SimpleTranslucent.uasset" 248
"../../../Engine/Content/EngineFonts/Faces/RobotoBold.uasset" 249
"../../../Engine/Content/EngineFonts/Faces/RobotoBoldItalic.uasset" 250
"../../../Engine/Content/EngineFonts/Faces/RobotoItalic.uasset" 251
"../../../Engine/Content/EngineFonts/Faces/RobotoLight.uasset" 252
"../../../Engine/Content/EngineFonts/Faces/RobotoRegular.uasset" 253
"../../../Engine/Content/EngineFonts/Roboto.uasset" 254
"../../../Engine/Content/EngineFonts/Faces/RobotoTiny.uasset" 255
"../../../Engine/Content/EngineFonts/RobotoTiny.uasset" 256
"../../../Engine/Content/EngineMaterials/BaseFlattenDiffuseMap.uasset" 257
"../../../Engine/Content/EngineMaterials/BaseFlattenEmissiveMap.uasset" 258
"../../../Engine/Content/EngineMaterials/BaseFlattenGrayscaleMap.uasset" 259
"../../../Engine/Content/EngineMaterials/BaseFlattenNormalMap.uasset" 260
"../../../Engine/Content/EngineMaterials/BaseFlattenMaterial.uasset" 261
"../../../Engine/Content/EngineMaterials/DefaultBloomKernel.uasset" 262
"../../../Engine/Content/EngineMaterials/DefaultBokeh.uasset" 263
"../../../Engine/Content/EngineMaterials/DefaultDiffuse.uasset" 264
"../../../Engine/Content/EngineMaterials/DefaultDeferredDecalMaterial.uasset" 265
"../../../Engine/Content/EngineMaterials/DefaultLightFunctionMaterial.uasset" 266
"../../../Engine/Content/EngineMaterials/DefaultPhysicalMaterial.uasset" 267
"../../../Engine/Content/Functions/Engine_MaterialFunctions02/Utility/BreakOutFloat2Components.uasset" 268
"../../../Engine/Content/EngineMaterials/DefaultPostProcessMaterial.uasset" 269
"../../../Engine/Content/EngineFonts/RobotoDistanceField.uasset" 270
"../../../Engine/Content/EngineMaterials/DefaultTextMaterialOpaque.uasset" 271
"../../../Engine/Content/EngineMaterials/DefaultWhiteGrid.uasset" 272
"../../../Engine/Content/EngineMaterials/EditorBrushMaterial.uasset" 273
"../../../Engine/Content/EngineMaterials/Good64x64TilingNoiseHighFreq.uasset" 274
"../../../Engine/Content/EngineMaterials/MiniFont.uasset" 275
"../../../Engine/Content/EngineMaterials/InvalidLightmapSettings.uasset" 276
"../../../Engine/Content/EngineMaterials/M_InvalidLightmapSettings.uasset" 277
"../../../Engine/Content/Functions/Engine_MaterialFunctions02/WorldPositionOffset/CameraOffset.uasset" 278
"../../../Engine/Content/EngineMaterials/PhAT_JointLimitMaterial.uasset" 279
"../../../Engine/Content/EngineMaterials/PreintegratedSkinBRDF.uasset" 280
"../../../Engine/Content/EngineMaterials/RemoveSurfaceMaterial.uasset" 281
"../../../Engine/Content/EngineMaterials/WeightMapPlaceholderTexture.uasset" 282
"../../../Engine/Content/EngineResources/WhiteSquareTexture.uasset" 283
"../../../Engine/Content/EngineMaterials/Widget3DPassThrough.uasset" 284
"../../../Engine/Content/EngineMaterials/Widget3DPassThrough_Masked.uasset" 285
"../../../Engine/Content/EngineMaterials/Widget3DPassThrough_Opaque.uasset" 286
"../../../Engine/Content/EngineMaterials/Widget3DPassThrough_Masked_OneSided.uasset" 287
"../../../Engine/Content/EngineMaterials/Widget3DPassThrough_Opaque_OneSided.uasset" 288
"../../../Engine/Content/EngineMaterials/Widget3DPassThrough_Translucent.uasset" 289
"../../../Engine/Content/EngineMaterials/Widget3DPassThrough_Translucent_OneSided.uasset" 290
"../../../Engine/Content/EngineMeshes/Cylinder.uasset" 291
"../../../Engine/Content/EngineMeshes/Sphere.uasset" 292
"../../../Engine/Content/EngineResources/Black.uasset" 293
"../../../Engine/Content/EngineResources/DefaultTexture.uasset" 294
"../../../Engine/Content/EngineResources/DefaultTextureCube.uasset" 295
"../../../Engine/Content/EngineResources/DefaultVolumeTexture2D.uasset" 296
"../../../Engine/Content/EngineResources/DefaultVolumeTexture.uasset" 297
"../../../Engine/Content/EngineResources/GradientTexture0.uasset" 298
"../../../Engine/Content/EngineSounds/Master.uasset" 299
"../../../Engine/Content/Functions/Engine_MaterialFunctions01/Shading/ConvertFromDiffSpec.uasset" 300
"../../../Engine/Content/Functions/Engine_MaterialFunctions01/Shading/PowerToRoughness.uasset" 301
"../../../Engine/Content/Maps/Templates/Thumbnails/Default.uasset" 302
"../../../Engine/Content/Maps/Templates/Thumbnails/VR-Basic.uasset" 303
"../../../Engine/Content/MobileResources/T_MobileControls_texture.uasset" 304
"../../../Engine/Content/MobileResources/T_MobileMenu2.uasset" 305
"../../../Engine/Content/MobileResources/HUD/AnalogHat.uasset" 306
"../../../Engine/Content/MobileResources/HUD/VirtualJoystick_Background.uasset" 307
"../../../Engine/Content/MobileResources/HUD/VirtualJoystick_Thumb.uasset" 308
"../../../Engine/Content/MobileResources/HUD/DefaultVirtualJoysticks.uasset" 309
"../../../Engine/Content/MobileResources/HUD/LeftVirtualJoystickOnly.uasset" 310
"../../../Engine/Content/MobileResources/HUD/MobileHUDButton1_off.uasset" 311
"../../../Engine/Content/MobileResources/HUD/MobileHUDButton1_on.uasset" 312
"../../../Engine/Content/MobileResources/HUD/MobileHUDButton2_off.uasset" 313
"../../../Engine/Content/MobileResources/HUD/MobileHUDButton2_on.uasset" 314
"../../../Engine/Content/MobileResources/HUD/MobileHUDButton3.uasset" 315
"../../../Engine/Content/MobileResources/HUD/MobileHUDButtonFire.uasset" 316
"../../../Engine/Content/MobileResources/HUD/MobileHUDDirectionPad.uasset" 317
"../../../Engine/Content/MobileResources/HUD/MobileHUDDirectionPad2.uasset" 318
"../../../Engine/Content/MobileResources/HUD/MobileHUDDirectionPad3.uasset" 319
"../../../Engine/Content/MobileResources/HUD/MobileHUDDirectionStick.uasset" 320
"../../../Engine/Content/MobileResources/HUD/T_Castle_ThumbstickInner.uasset" 321
"../../../Engine/Content/MobileResources/HUD/T_Castle_ThumbstickOutter.uasset" 322
"../../../Engine/Content/Tutorial/ContentIntroCurve.uasset" 323
"../../../Engine/Content/Tutorial/Basics/LevelEditorAttract.uasset" 324
"../../../Engine/Content/Tutorial/Mobile/TutorialAssets/android_Icon.uasset" 325
"../../../Engine/Content/Tutorial/Mobile/SettingUpAndroidTutorial.uasset" 326
"../../../Engine/Content/VREditor/LaserPointer/VR_LaserPower_01.uasset" 327
"../../../Engine/Content/VREditor/TransformGizmo/TransformGizmoMaterial.uasset" 328
"../../../Engine/Content/VREditor/TransformGizmo/TranslucentTransformGizmoMaterial.uasset" 329
"../../../Engine/Content/VREditor/TransformGizmo/BoundingBoxCorner.uasset" 330
"../../../Engine/Content/VREditor/TransformGizmo/BoundingBoxEdge.uasset" 331
"../../../Engine/Content/VREditor/TransformGizmo/PlaneTranslationHandle.uasset" 332
"../../../Engine/Content/VREditor/TransformGizmo/Main.uasset" 333
"../../../Engine/Content/VREditor/TransformGizmo/Xray.uasset" 334
"../../../Engine/Content/VREditor/TransformGizmo/SM_Sequencer_Key.uasset" 335
"../../../Engine/Content/VREditor/TransformGizmo/SM_Sequencer_Node.uasset" 336
"../../Plugins/2D/Paper2D/Content/PlaceholderTextures/DummySpriteTexture.uasset" 337
"../../Plugins/2D/Paper2D/Content/DummySprite.uasset" 338
"../../Plugins/2D/Paper2D/Content/DefaultPaperTerrainMaterial.uasset" 339
"../../Plugins/2D/Paper2D/Content/DummySpriteTexture.uasset" 340
"../../Plugins/2D/Paper2D/Content/DefaultSpriteMaterial.uasset" 341
"../../Plugins/2D/Paper2D/Content/MaskedUnlitSpriteMaterial.uasset" 342
"../../Plugins/2D/Paper2D/Content/OpaqueUnlitSpriteMaterial.uasset" 343
"../../Plugins/Runtime/Oculus/OculusVR/Content/OculusMR_RenderTarget.uasset" 344
"../../../Engine/Content/Functions/Engine_MaterialFunctions02/Utility/BreakOutFloat4Components.uasset" 345
"../../../Engine/Content/Functions/Engine_MaterialFunctions02/Utility/MakeFloat2.uasset" 346
"../../../Engine/Content/Functions/Engine_MaterialFunctions02/Utility/MakeFloat3.uasset" 347
"../../Plugins/Runtime/Oculus/OculusVR/Content/Materials/OculusMR_ChromaKey.uasset" 348
"../../Plugins/Runtime/Oculus/OculusVR/Content/Materials/OculusMR_ChromaKey_Lit.uasset" 349
"../../Plugins/Runtime/Oculus/OculusVR/Content/Materials/OculusMR_OpaqueColoredMaterial.uasset" 350
"../../Plugins/Runtime/Oculus/OculusVR/Content/Materials/OculusMR_WhiteMaterial.uasset" 351
"../../Plugins/Runtime/Oculus/OculusVR/Content/Materials/PokeAHoleMaterial.uasset" 352
"../../Plugins/Runtime/Oculus/OculusVR/Content/Textures/GearVRController_AO.uasset" 353
"../../Plugins/Runtime/Oculus/OculusVR/Content/Textures/GearVRController_Color.uasset" 354
"../../Plugins/Runtime/Oculus/OculusVR/Content/Textures/GearVRController_Normal.uasset" 355
"../../Plugins/Runtime/Oculus/OculusVR/Content/Materials/GearVRControllerMaterial.uasset" 356
"../../Plugins/Runtime/Oculus/OculusVR/Content/Meshes/GearVrController.uasset" 357
"../../Plugins/Runtime/Oculus/OculusVR/Content/Textures/touchController_albedo.uasset" 358
"../../Plugins/Runtime/Oculus/OculusVR/Content/Textures/touchController_controlmap.uasset" 359
"../../Plugins/Runtime/Oculus/OculusVR/Content/Materials/touchController_mat.uasset" 360
"../../Plugins/Runtime/Oculus/OculusVR/Content/Meshes/LeftTouchController.uasset" 361
"../../Plugins/Runtime/Oculus/OculusVR/Content/Meshes/RiftHMD.uasset" 362
"../../Plugins/Runtime/Oculus/OculusVR/Content/Meshes/RightTouchController.uasset" 363
"../../../Engine/Content/EditorBlueprintResources/StandardMacros.uasset" 364
"../../../Engine/Content/EngineSky/C_Sky_Cloud_Color.uasset" 365
"../../../Engine/Content/EngineSky/C_Sky_Horizon_Color.uasset" 366
"../../../Engine/Content/EngineSky/C_Sky_Zenith_Color.uasset" 367
"../../../Engine/Content/EngineSky/T_Sky_Blue.uasset" 368
"../../../Engine/Content/EngineSky/T_Sky_Clouds_M.uasset" 369
"../../../Engine/Content/EngineSky/T_Sky_Stars.uasset" 370
"../../../Engine/Content/EngineSky/M_Sky_Panning_Clouds2.uasset" 371
"../../../Engine/Content/EngineSky/SM_SkySphere.uasset" 372
"../../../Engine/Content/EngineSky/BP_Sky_Sphere.uasset" 373
"W:/work/ue4/car/Content/cpp_car_BuiltData.uasset" 374
"../../../Engine/Content/BasicShapes/BasicShapeMaterial.uasset" 375
"../../../Engine/Content/BasicShapes/Cube.uasset" 376
"../../../Engine/Content/BasicShapes/Cylinder.uasset" 377
"../../../Engine/Content/MapTemplates/SM_Template_Map_Floor.uasset" 378
"W:/work/ue4/car/Content/model/Nissan_Titan_2017/Body.uasset" 379
"W:/work/ue4/car/Content/model/Nissan_Titan_2017/wheel_left.uasset" 380
"W:/work/ue4/car/Content/model/Nissan_Titan_2017/wheel_right.uasset" 381
"W:/work/ue4/car/Content/cpp_car.umap" 382
"../../../Engine/Content/Maps/Entry_BuiltData.uasset" 383
"../../../Engine/Content/Maps/Entry.umap" 384
